This is pdfTeX, Version 3.14159265-2.6-1.40.16 (TeX Live 2015) (preloaded format=pdflatex 2015.5.24)  20 DEC 2017 15:59
entering extended mode
 restricted \write18 enabled.
 %&-line parsing enabled.
**proteins.tex
(./proteins.tex
LaTeX2e <2015/01/01>
Babel <3.9l> and hyphenation patterns for 79 languages loaded.
(/usr/local/texlive/2015/texmf-dist/tex/latex/base/article.cls
Document Class: article 2014/09/29 v1.4h Standard LaTeX document class
(/usr/local/texlive/2015/texmf-dist/tex/latex/base/size10.clo
File: size10.clo 2014/09/29 v1.4h Standard LaTeX file (size option)
)
\c@part=\count79
\c@section=\count80
\c@subsection=\count81
\c@subsubsection=\count82
\c@paragraph=\count83
\c@subparagraph=\count84
\c@figure=\count85
\c@table=\count86
\abovecaptionskip=\skip41
\belowcaptionskip=\skip42
\bibindent=\dimen102
)
(/usr/local/texlive/2015/texmf-dist/tex/latex/preprint/fullpage.sty
Package: fullpage 1999/02/23 1.1 (PWD)
\FP@margin=\skip43
)
(/usr/local/texlive/2015/texmf-dist/tex/latex/mathtools/mathtools.sty
Package: mathtools 2015/05/11 v1.16 mathematical typesetting tools

(/usr/local/texlive/2015/texmf-dist/tex/latex/graphics/keyval.sty
Package: keyval 2014/10/28 v1.15 key=value parser (DPC)
\KV@toks@=\toks14
)
(/usr/local/texlive/2015/texmf-dist/tex/latex/tools/calc.sty
Package: calc 2014/10/28 v4.3 Infix arithmetic (KKT,FJ)
\calc@Acount=\count87
\calc@Bcount=\count88
\calc@Adimen=\dimen103
\calc@Bdimen=\dimen104
\calc@Askip=\skip44
\calc@Bskip=\skip45
LaTeX Info: Redefining \setlength on input line 80.
LaTeX Info: Redefining \addtolength on input line 81.
\calc@Ccount=\count89
\calc@Cskip=\skip46
)
(/usr/local/texlive/2015/texmf-dist/tex/latex/mathtools/mhsetup.sty
Package: mhsetup 2010/01/21 v1.2a programming setup (MH)
)
(/usr/local/texlive/2015/texmf-dist/tex/latex/amsmath/amsmath.sty
Package: amsmath 2013/01/14 v2.14 AMS math features
\@mathmargin=\skip47

For additional information on amsmath, use the `?' option.
(/usr/local/texlive/2015/texmf-dist/tex/latex/amsmath/amstext.sty
Package: amstext 2000/06/29 v2.01

(/usr/local/texlive/2015/texmf-dist/tex/latex/amsmath/amsgen.sty
File: amsgen.sty 1999/11/30 v2.0
\@emptytoks=\toks15
\ex@=\dimen105
))
(/usr/local/texlive/2015/texmf-dist/tex/latex/amsmath/amsbsy.sty
Package: amsbsy 1999/11/29 v1.2d
\pmbraise@=\dimen106
)
(/usr/local/texlive/2015/texmf-dist/tex/latex/amsmath/amsopn.sty
Package: amsopn 1999/12/14 v2.01 operator names
)
\inf@bad=\count90
LaTeX Info: Redefining \frac on input line 210.
\uproot@=\count91
\leftroot@=\count92
LaTeX Info: Redefining \overline on input line 306.
\classnum@=\count93
\DOTSCASE@=\count94
LaTeX Info: Redefining \ldots on input line 378.
LaTeX Info: Redefining \dots on input line 381.
LaTeX Info: Redefining \cdots on input line 466.
\Mathstrutbox@=\box26
\strutbox@=\box27
\big@size=\dimen107
LaTeX Font Info:    Redeclaring font encoding OML on input line 566.
LaTeX Font Info:    Redeclaring font encoding OMS on input line 567.
\macc@depth=\count95
\c@MaxMatrixCols=\count96
\dotsspace@=\muskip10
\c@parentequation=\count97
\dspbrk@lvl=\count98
\tag@help=\toks16
\row@=\count99
\column@=\count100
\maxfields@=\count101
\andhelp@=\toks17
\eqnshift@=\dimen108
\alignsep@=\dimen109
\tagshift@=\dimen110
\tagwidth@=\dimen111
\totwidth@=\dimen112
\lineht@=\dimen113
\@envbody=\toks18
\multlinegap=\skip48
\multlinetaggap=\skip49
\mathdisplay@stack=\toks19
LaTeX Info: Redefining \[ on input line 2665.
LaTeX Info: Redefining \] on input line 2666.
)
LaTeX Info: Thecontrolsequence`\('isalreadyrobust on input line 129.
LaTeX Info: Thecontrolsequence`\)'isalreadyrobust on input line 129.
LaTeX Info: Thecontrolsequence`\['isalreadyrobust on input line 129.
LaTeX Info: Thecontrolsequence`\]'isalreadyrobust on input line 129.
\g_MT_multlinerow_int=\count102
\l_MT_multwidth_dim=\dimen114
\origjot=\skip50
\l_MT_shortvdotswithinadjustabove_dim=\dimen115
\l_MT_shortvdotswithinadjustbelow_dim=\dimen116
\l_MT_above_intertext_sep=\dimen117
\l_MT_below_intertext_sep=\dimen118
\l_MT_above_shortintertext_sep=\dimen119
\l_MT_below_shortintertext_sep=\dimen120
)
(/usr/local/texlive/2015/texmf-dist/tex/latex/hyperref/hyperref.sty
Package: hyperref 2012/11/06 v6.83m Hypertext links for LaTeX

(/usr/local/texlive/2015/texmf-dist/tex/generic/oberdiek/hobsub-hyperref.sty
Package: hobsub-hyperref 2012/05/28 v1.13 Bundle oberdiek, subset hyperref (HO)


(/usr/local/texlive/2015/texmf-dist/tex/generic/oberdiek/hobsub-generic.sty
Package: hobsub-generic 2012/05/28 v1.13 Bundle oberdiek, subset generic (HO)
Package: hobsub 2012/05/28 v1.13 Construct package bundles (HO)
Package: infwarerr 2010/04/08 v1.3 Providing info/warning/error messages (HO)
Package: ltxcmds 2011/11/09 v1.22 LaTeX kernel commands for general use (HO)
Package: ifluatex 2010/03/01 v1.3 Provides the ifluatex switch (HO)
Package ifluatex Info: LuaTeX not detected.
Package: ifvtex 2010/03/01 v1.5 Detect VTeX and its facilities (HO)
Package ifvtex Info: VTeX not detected.
Package: intcalc 2007/09/27 v1.1 Expandable calculations with integers (HO)
Package: ifpdf 2011/01/30 v2.3 Provides the ifpdf switch (HO)
Package ifpdf Info: pdfTeX in PDF mode is detected.
Package: etexcmds 2011/02/16 v1.5 Avoid name clashes with e-TeX commands (HO)
Package etexcmds Info: Could not find \expanded.
(etexcmds)             That can mean that you are not using pdfTeX 1.50 or
(etexcmds)             that some package has redefined \expanded.
(etexcmds)             In the latter case, load this package earlier.
Package: kvsetkeys 2012/04/25 v1.16 Key value parser (HO)
Package: kvdefinekeys 2011/04/07 v1.3 Define keys (HO)
Package: pdftexcmds 2011/11/29 v0.20 Utility functions of pdfTeX for LuaTeX (HO
)
Package pdftexcmds Info: LuaTeX not detected.
Package pdftexcmds Info: \pdf@primitive is available.
Package pdftexcmds Info: \pdf@ifprimitive is available.
Package pdftexcmds Info: \pdfdraftmode found.
Package: pdfescape 2011/11/25 v1.13 Implements pdfTeX's escape features (HO)
Package: bigintcalc 2012/04/08 v1.3 Expandable calculations on big integers (HO
)
Package: bitset 2011/01/30 v1.1 Handle bit-vector datatype (HO)
Package: uniquecounter 2011/01/30 v1.2 Provide unlimited unique counter (HO)
)
Package hobsub Info: Skipping package `hobsub' (already loaded).
Package: letltxmacro 2010/09/02 v1.4 Let assignment for LaTeX macros (HO)
Package: hopatch 2012/05/28 v1.2 Wrapper for package hooks (HO)
Package: xcolor-patch 2011/01/30 xcolor patch
Package: atveryend 2011/06/30 v1.8 Hooks at the very end of document (HO)
Package atveryend Info: \enddocument detected (standard20110627).
Package: atbegshi 2011/10/05 v1.16 At begin shipout hook (HO)
Package: refcount 2011/10/16 v3.4 Data extraction from label references (HO)
Package: hycolor 2011/01/30 v1.7 Color options for hyperref/bookmark (HO)
)
(/usr/local/texlive/2015/texmf-dist/tex/generic/ifxetex/ifxetex.sty
Package: ifxetex 2010/09/12 v0.6 Provides ifxetex conditional
)
(/usr/local/texlive/2015/texmf-dist/tex/latex/oberdiek/auxhook.sty
Package: auxhook 2011/03/04 v1.3 Hooks for auxiliary files (HO)
)
(/usr/local/texlive/2015/texmf-dist/tex/latex/oberdiek/kvoptions.sty
Package: kvoptions 2011/06/30 v3.11 Key value format for package options (HO)
)
\@linkdim=\dimen121
\Hy@linkcounter=\count103
\Hy@pagecounter=\count104

(/usr/local/texlive/2015/texmf-dist/tex/latex/hyperref/pd1enc.def
File: pd1enc.def 2012/11/06 v6.83m Hyperref: PDFDocEncoding definition (HO)
)
\Hy@SavedSpaceFactor=\count105

(/usr/local/texlive/2015/texmf-dist/tex/latex/latexconfig/hyperref.cfg
File: hyperref.cfg 2002/06/06 v1.2 hyperref configuration of TeXLive
)
Package hyperref Info: Hyper figures OFF on input line 4443.
Package hyperref Info: Link nesting OFF on input line 4448.
Package hyperref Info: Hyper index ON on input line 4451.
Package hyperref Info: Plain pages OFF on input line 4458.
Package hyperref Info: Backreferencing OFF on input line 4463.
Package hyperref Info: Implicit mode ON; LaTeX internals redefined.
Package hyperref Info: Bookmarks ON on input line 4688.
\c@Hy@tempcnt=\count106

(/usr/local/texlive/2015/texmf-dist/tex/latex/url/url.sty
\Urlmuskip=\muskip11
Package: url 2013/09/16  ver 3.4  Verb mode for urls, etc.
)
LaTeX Info: Redefining \url on input line 5041.
\XeTeXLinkMargin=\dimen122
\Fld@menulength=\count107
\Field@Width=\dimen123
\Fld@charsize=\dimen124
Package hyperref Info: Hyper figures OFF on input line 6295.
Package hyperref Info: Link nesting OFF on input line 6300.
Package hyperref Info: Hyper index ON on input line 6303.
Package hyperref Info: backreferencing OFF on input line 6310.
Package hyperref Info: Link coloring OFF on input line 6315.
Package hyperref Info: Link coloring with OCG OFF on input line 6320.
Package hyperref Info: PDF/A mode OFF on input line 6325.
LaTeX Info: Redefining \ref on input line 6365.
LaTeX Info: Redefining \pageref on input line 6369.
\Hy@abspage=\count108
\c@Item=\count109
\c@Hfootnote=\count110
)

Package hyperref Message: Driver (autodetected): hpdftex.

(/usr/local/texlive/2015/texmf-dist/tex/latex/hyperref/hpdftex.def
File: hpdftex.def 2012/11/06 v6.83m Hyperref driver for pdfTeX
\Fld@listcount=\count111
\c@bookmark@seq@number=\count112

(/usr/local/texlive/2015/texmf-dist/tex/latex/oberdiek/rerunfilecheck.sty
Package: rerunfilecheck 2011/04/15 v1.7 Rerun checks for auxiliary files (HO)
Package uniquecounter Info: New unique counter `rerunfilecheck' on input line 2
82.
)
\Hy@SectionHShift=\skip51
)
(/usr/local/texlive/2015/texmf-dist/tex/latex/amsfonts/amssymb.sty
Package: amssymb 2013/01/14 v3.01 AMS font symbols

(/usr/local/texlive/2015/texmf-dist/tex/latex/amsfonts/amsfonts.sty
Package: amsfonts 2013/01/14 v3.01 Basic AMSFonts support
\symAMSa=\mathgroup4
\symAMSb=\mathgroup5
LaTeX Font Info:    Overwriting math alphabet `\mathfrak' in version `bold'
(Font)                  U/euf/m/n --> U/euf/b/n on input line 106.
))
(/usr/local/texlive/2015/texmf-dist/tex/latex/graphics/graphicx.sty
Package: graphicx 2014/10/28 v1.0g Enhanced LaTeX Graphics (DPC,SPQR)

(/usr/local/texlive/2015/texmf-dist/tex/latex/graphics/graphics.sty
Package: graphics 2014/10/28 v1.0p Standard LaTeX Graphics (DPC,SPQR)

(/usr/local/texlive/2015/texmf-dist/tex/latex/graphics/trig.sty
Package: trig 1999/03/16 v1.09 sin cos tan (DPC)
)
(/usr/local/texlive/2015/texmf-dist/tex/latex/latexconfig/graphics.cfg
File: graphics.cfg 2010/04/23 v1.9 graphics configuration of TeX Live
)
Package graphics Info: Driver file: pdftex.def on input line 94.

(/usr/local/texlive/2015/texmf-dist/tex/latex/pdftex-def/pdftex.def
File: pdftex.def 2011/05/27 v0.06d Graphics/color for pdfTeX
\Gread@gobject=\count113
))
\Gin@req@height=\dimen125
\Gin@req@width=\dimen126
)
(/usr/local/texlive/2015/texmf-dist/tex/latex/placeins/placeins.sty
Package: placeins 2005/04/18  v 2.2
)
(/usr/local/texlive/2015/texmf-dist/tex/latex/cancel/cancel.sty
Package: cancel 2013/04/12 v2.2 Cancel math terms
)
(/usr/local/texlive/2015/texmf-dist/tex/latex/tools/verbatim.sty
Package: verbatim 2014/10/28 v1.5q LaTeX2e package for verbatim enhancements
\every@verbatim=\toks20
\verbatim@line=\toks21
\verbatim@in@stream=\read1
)
(/usr/local/texlive/2015/texmf-dist/tex/latex/floatrow/floatrow.sty
Package: floatrow 2008/08/02 v0.3b floatrow: float package extension

(/usr/local/texlive/2015/texmf-dist/tex/latex/caption/caption3.sty
Package: caption3 2013/05/02 v1.6-88 caption3 kernel (AR)
Package caption3 Info: TeX engine: e-TeX on input line 57.
\captionmargin=\dimen127
\captionmargin@=\dimen128
\captionwidth=\dimen129
\caption@tempdima=\dimen130
\caption@indent=\dimen131
\caption@parindent=\dimen132
\caption@hangindent=\dimen133
)
\c@float@type=\count114
\float@exts=\toks22
\float@box=\box28
\@floatcapt=\box29
Package floatrow Info: Modified float package code loaded on input line 455.
Package floatrow Info: Modified rotfloat package code loaded on input line 473.

\FR@everyfloat=\toks23
\flrow@foot=\insert233
\FB@wd=\dimen134
\FBo@wd=\dimen135
\FBc@wd=\dimen136
\FBo@ht=\skip52
\FBc@ht=\skip53
\FBf@ht=\skip54
\FBo@max=\skip55
\FBc@max=\skip56
\FBf@max=\skip57
\c@FBl@b=\count115
\floatbox@depth=\count116
\c@FRobj=\count117
\c@FRsobj=\count118
\Xhsize=\skip58
\sXhsize=\skip59
\Zhsize=\skip60
\sZhsize=\skip61
\flrow@rowbox=\box30
\FR@Zunitlength=\dimen137
\c@FBcnt=\count119
\FPOScnt=\count120
\LTleft=\skip62
\LTright=\skip63
\LTleft=\skip64
\LTright=\skip65
\flrow@types=\toks24
)
(/usr/local/texlive/2015/texmf-dist/tex/latex/caption/caption.sty
Package: caption 2013/05/02 v3.3-89 Customizing captions (AR)
\c@ContinuedFloat=\count121
Package caption Info: float package is loaded.
Package caption Info: floatrow package is loaded.
Package caption Info: hyperref package is loaded.
)
(/usr/local/texlive/2015/texmf-dist/tex/generic/ulem/ulem.sty
\UL@box=\box31
\UL@hyphenbox=\box32
\UL@skip=\skip66
\UL@hook=\toks25
\UL@height=\dimen138
\UL@pe=\count122
\UL@pixel=\dimen139
\ULC@box=\box33
Package: ulem 2012/05/18
\ULdepth=\dimen140
) (./proteins.aux)
\openout1 = `proteins.aux'.

LaTeX Font Info:    Checking defaults for OML/cmm/m/it on input line 16.
LaTeX Font Info:    ... okay on input line 16.
LaTeX Font Info:    Checking defaults for T1/cmr/m/n on input line 16.
LaTeX Font Info:    ... okay on input line 16.
LaTeX Font Info:    Checking defaults for OT1/cmr/m/n on input line 16.
LaTeX Font Info:    ... okay on input line 16.
LaTeX Font Info:    Checking defaults for OMS/cmsy/m/n on input line 16.
LaTeX Font Info:    ... okay on input line 16.
LaTeX Font Info:    Checking defaults for OMX/cmex/m/n on input line 16.
LaTeX Font Info:    ... okay on input line 16.
LaTeX Font Info:    Checking defaults for U/cmr/m/n on input line 16.
LaTeX Font Info:    ... okay on input line 16.
LaTeX Font Info:    Checking defaults for PD1/pdf/m/n on input line 16.
LaTeX Font Info:    ... okay on input line 16.
\AtBeginShipoutBox=\box34
Package hyperref Info: Link coloring OFF on input line 16.
(/usr/local/texlive/2015/texmf-dist/tex/latex/hyperref/nameref.sty
Package: nameref 2012/10/27 v2.43 Cross-referencing by name of section

(/usr/local/texlive/2015/texmf-dist/tex/generic/oberdiek/gettitlestring.sty
Package: gettitlestring 2010/12/03 v1.4 Cleanup title references (HO)
)
\c@section@level=\count123
)
LaTeX Info: Redefining \ref on input line 16.
LaTeX Info: Redefining \pageref on input line 16.
LaTeX Info: Redefining \nameref on input line 16.

(./proteins.out) (./proteins.out)
\@outlinefile=\write3
\openout3 = `proteins.out'.


(/usr/local/texlive/2015/texmf-dist/tex/context/base/supp-pdf.mkii
[Loading MPS to PDF converter (version 2006.09.02).]
\scratchcounter=\count124
\scratchdimen=\dimen141
\scratchbox=\box35
\nofMPsegments=\count125
\nofMParguments=\count126
\everyMPshowfont=\toks26
\MPscratchCnt=\count127
\MPscratchDim=\dimen142
\MPnumerator=\count128
\makeMPintoPDFobject=\count129
\everyMPtoPDFconversion=\toks27
) (/usr/local/texlive/2015/texmf-dist/tex/latex/oberdiek/epstopdf-base.sty
Package: epstopdf-base 2010/02/09 v2.5 Base part for package epstopdf

(/usr/local/texlive/2015/texmf-dist/tex/latex/oberdiek/grfext.sty
Package: grfext 2010/08/19 v1.1 Manage graphics extensions (HO)
)
Package grfext Info: Graphics extension search list:
(grfext)             [.png,.pdf,.jpg,.mps,.jpeg,.jbig2,.jb2,.PNG,.PDF,.JPG,.JPE
G,.JBIG2,.JB2,.eps]
(grfext)             \AppendGraphicsExtensions on input line 452.

(/usr/local/texlive/2015/texmf-dist/tex/latex/latexconfig/epstopdf-sys.cfg
File: epstopdf-sys.cfg 2010/07/13 v1.3 Configuration of (r)epstopdf for TeX Liv
e
))
Package caption Info: Begin \AtBeginDocument code.
Package caption Info: floatrow package is loaded.
Package caption Info: End \AtBeginDocument code.

(/usr/local/texlive/2015/texmf-dist/tex/latex/graphics/color.sty
Package: color 2014/10/28 v1.1a Standard LaTeX Color (DPC)

(/usr/local/texlive/2015/texmf-dist/tex/latex/latexconfig/color.cfg
File: color.cfg 2007/01/18 v1.5 color configuration of teTeX/TeXLive
)
Package color Info: Driver file: pdftex.def on input line 142.
)
LaTeX Font Info:    Try loading font information for U+msa on input line 22.

(/usr/local/texlive/2015/texmf-dist/tex/latex/amsfonts/umsa.fd
File: umsa.fd 2013/01/14 v3.01 AMS symbols A
)
LaTeX Font Info:    Try loading font information for U+msb on input line 22.

(/usr/local/texlive/2015/texmf-dist/tex/latex/amsfonts/umsb.fd
File: umsb.fd 2013/01/14 v3.01 AMS symbols B
)
<GN_fold.png, id=39, 93.34875pt x 28.105pt>
File: GN_fold.png Graphic file (type png)
 <use GN_fold.png>
Package pdftex.def Info: GN_fold.png used on input line 41.
(pdftex.def)             Requested size: 93.94957pt x 28.28717pt.
 [1

{/usr/local/texlive/2015/texmf-var/fonts/map/pdftex/updmap/pdftex.map} <./GN_fo
ld.png>]
<step1.png, id=58, 202.7575pt x 63.23625pt>
File: step1.png Graphic file (type png)
 <use step1.png>
Package pdftex.def Info: step1.png used on input line 57.
(pdftex.def)             Requested size: 140.92793pt x 43.9534pt.
File: step1.png Graphic file (type png)
 <use step1.png>
Package pdftex.def Info: step1.png used on input line 57.
(pdftex.def)             Requested size: 140.92793pt x 43.9534pt.

<step2.png, id=59, 213.79875pt x 70.2625pt>
File: step2.png Graphic file (type png)
 <use step2.png>
Package pdftex.def Info: step2.png used on input line 62.
(pdftex.def)             Requested size: 140.92793pt x 46.3144pt.
File: step2.png Graphic file (type png)
 <use step2.png>
Package pdftex.def Info: step2.png used on input line 62.
(pdftex.def)             Requested size: 140.92793pt x 46.3144pt.

<expplot.png, id=60, 317.185pt x 188.705pt>
File: expplot.png Graphic file (type png)
 <use expplot.png>
Package pdftex.def Info: expplot.png used on input line 74.
(pdftex.def)             Requested size: 234.8775pt x 139.74028pt.
 [2 <./step1.png> <./step2.png> <./expplot.png>] <step30.png, id=80, 110.4125pt
 x 139.52126pt>
File: step30.png Graphic file (type png)

<use step30.png>
Package pdftex.def Info: step30.png used on input line 118.
(pdftex.def)             Requested size: 93.94957pt x 118.72348pt.
File: step30.png Graphic file (type png)
 <use step30.png>
Package pdftex.def Info: step30.png used on input line 118.
(pdftex.def)             Requested size: 93.94957pt x 118.72348pt.

<step40.png, id=81, 133.49875pt x 138.5175pt>
File: step40.png Graphic file (type png)
 <use step40.png>
Package pdftex.def Info: step40.png used on input line 123.
(pdftex.def)             Requested size: 93.94957pt x 97.48575pt.
File: step40.png Graphic file (type png)

<use step40.png>
Package pdftex.def Info: step40.png used on input line 123.
(pdftex.def)             Requested size: 93.94957pt x 97.48575pt.


LaTeX Warning: `h' float specifier changed to `ht'.

<step100.png, id=82, 182.6825pt x 186.6975pt>
File: step100.png Graphic file (type png)
 <use step100.png>
Package pdftex.def Info: step100.png used on input line 133.
(pdftex.def)             Requested size: 93.94957pt x 96.01495pt.
File: step100.png Graphic file (type png)

<use step100.png>
Package pdftex.def Info: step100.png used on input line 133.
(pdftex.def)             Requested size: 93.94957pt x 96.01495pt.
 <step200.png, id=83, 191.71625pt x 145.54375pt>
File: step200.png Graphic file (type png)

<use step200.png>
Package pdftex.def Info: step200.png used on input line 138.
(pdftex.def)             Requested size: 93.94957pt x 71.32372pt.
File: step200.png Graphic file (type png)
 <use step200.png>
Package pdftex.def Info: step200.png used on input line 138.
(pdftex.def)             Requested size: 93.94957pt x 71.32372pt.


LaTeX Warning: `h' float specifier changed to `ht'.

<e100.png, id=91, 619.31375pt x 451.6875pt>
File: e100.png Graphic file (type png)
 <use e100.png>
Package pdftex.def Info: e100.png used on input line 152.
(pdftex.def)             Requested size: 234.8775pt x 171.30531pt.

Overfull \hbox (5.0pt too wide) in paragraph at lines 152--152
 [][] 
 []

File: e100.png Graphic file (type png)
<use e100.png>
Package pdftex.def Info: e100.png used on input line 152.
(pdftex.def)             Requested size: 234.8775pt x 171.30531pt.

Overfull \hbox (5.0pt too wide) in paragraph at lines 152--152
 [][] 
 []

<e200.png, id=92, 604.2575pt x 449.68pt>
File: e200.png Graphic file (type png)
 <use e200.png>
Package pdftex.def Info: e200.png used on input line 157.
(pdftex.def)             Requested size: 234.8775pt x 174.79126pt.

Overfull \hbox (5.0pt too wide) in paragraph at lines 157--157
 [][] 
 []

File: e200.png Graphic file (type png)
<use e200.png>
Package pdftex.def Info: e200.png used on input line 157.
(pdftex.def)             Requested size: 234.8775pt x 174.79126pt.

Overfull \hbox (5.0pt too wide) in paragraph at lines 157--157
 [][] 
 []


LaTeX Warning: `h' float specifier changed to `ht'.

<compare.png, id=93, 250.9375pt x 221.82875pt>
File: compare.png Graphic file (type png)
 <use compare.png>
Package pdftex.def Info: compare.png used on input line 163.
(pdftex.def)             Requested size: 234.8775pt x 207.64236pt.


LaTeX Warning: `h' float specifier changed to `ht'.

<t7.png, id=98, 611.28375pt x 454.69875pt>
File: t7.png Graphic file (type png)
 <use t7.png>
Package pdftex.def Info: t7.png used on input line 176.
(pdftex.def)             Requested size: 234.8775pt x 174.70918pt.

Overfull \hbox (5.0pt too wide) in paragraph at lines 176--176
 [][] 
 []

File: t7.png Graphic file (type png)
<use t7.png>
Package pdftex.def Info: t7.png used on input line 176.
(pdftex.def)             Requested size: 234.8775pt x 174.70918pt.

Overfull \hbox (5.0pt too wide) in paragraph at lines 176--176
 [][] 
 []

<t10ex.png, id=99, 165.61874pt x 198.7425pt>
File: t10ex.png Graphic file (type png)
 <use t10ex.png>
Package pdftex.def Info: t10ex.png used on input line 181.
(pdftex.def)             Requested size: 234.8775pt x 281.86757pt.

Overfull \hbox (5.0pt too wide) in paragraph at lines 181--181
 [][] 
 []

File: t10ex.png Graphic file (type png)
<use t10ex.png>
Package pdftex.def Info: t10ex.png used on input line 181.
(pdftex.def)             Requested size: 234.8775pt x 281.86757pt.

Overfull \hbox (5.0pt too wide) in paragraph at lines 181--181
 [][] 
 []


LaTeX Warning: `h' float specifier changed to `ht'.

[3] <beste500.png, id=113, 608.2725pt x 452.69125pt>
File: beste500.png Graphic file (type png)
 <use beste500.png>
Package pdftex.def Info: beste500.png used on input line 193.
(pdftex.def)             Requested size: 234.8775pt x 174.80127pt.

Overfull \hbox (5.0pt too wide) in paragraph at lines 193--193
 [][] 
 []

File: beste500.png Graphic file (type png)
<use beste500.png>
Package pdftex.def Info: beste500.png used on input line 193.
(pdftex.def)             Requested size: 234.8775pt x 174.80127pt.

Overfull \hbox (5.0pt too wide) in paragraph at lines 193--193
 [][] 
 []

<beste1000.png, id=114, 614.295pt x 454.69875pt>
File: beste1000.png Graphic file (type png)
 <use beste1000.png>
Package pdftex.def Info: beste1000.png used on input line 198.
(pdftex.def)             Requested size: 234.8775pt x 173.85579pt.

Overfull \hbox (5.0pt too wide) in paragraph at lines 198--198
 [][] 
 []

File: beste1000.png Graphic file (type png)
<use beste1000.png>
Package pdftex.def Info: beste1000.png used on input line 198.
(pdftex.def)             Requested size: 234.8775pt x 173.85579pt.

Overfull \hbox (5.0pt too wide) in paragraph at lines 198--198
 [][] 
 []


LaTeX Warning: `h' float specifier changed to `ht'.

<step5000.png, id=117, 605.26125pt x 460.72125pt>
File: step5000.png Graphic file (type png)
 <use step5000.png>
Package pdftex.def Info: step5000.png used on input line 211.
(pdftex.def)             Requested size: 234.8775pt x 178.78775pt.

Overfull \hbox (5.0pt too wide) in paragraph at lines 211--211
 [][] 
 []

File: step5000.png Graphic file (type png)
<use step5000.png>
Package pdftex.def Info: step5000.png used on input line 211.
(pdftex.def)             Requested size: 234.8775pt x 178.78775pt.

Overfull \hbox (5.0pt too wide) in paragraph at lines 211--211
 [][] 
 []

<longt5.png, id=118, 607.26875pt x 455.7025pt>
File: longt5.png Graphic file (type png)
 <use longt5.png>
Package pdftex.def Info: longt5.png used on input line 216.
(pdftex.def)             Requested size: 234.8775pt x 176.24911pt.

Overfull \hbox (5.0pt too wide) in paragraph at lines 216--216
 [][] 
 []

File: longt5.png Graphic file (type png)
<use longt5.png>
Package pdftex.def Info: longt5.png used on input line 216.
(pdftex.def)             Requested size: 234.8775pt x 176.24911pt.

Overfull \hbox (5.0pt too wide) in paragraph at lines 216--216
 [][] 
 []


LaTeX Warning: `h' float specifier changed to `ht'.

<gb_stab.png, id=122, 306.14375pt x 253.94875pt>
File: gb_stab.png Graphic file (type png)
 <use gb_stab.png>
Package pdftex.def Info: gb_stab.png used on input line 228.
(pdftex.def)             Requested size: 234.8775pt x 194.83202pt.

Overfull \hbox (5.0pt too wide) in paragraph at lines 228--228
 [][] 
 []

File: gb_stab.png Graphic file (type png)
<use gb_stab.png>
Package pdftex.def Info: gb_stab.png used on input line 228.
(pdftex.def)             Requested size: 234.8775pt x 194.83202pt.

Overfull \hbox (5.0pt too wide) in paragraph at lines 228--228
 [][] 
 []

<stability.png, id=127, 616.3025pt x 455.7025pt>
File: stability.png Graphic file (type png)
 <use stability.png>
Package pdftex.def Info: stability.png used on input line 233.
(pdftex.def)             Requested size: 234.8775pt x 173.66939pt.

Overfull \hbox (5.0pt too wide) in paragraph at lines 233--233
 [][] 
 []

File: stability.png Graphic file (type png)
<use stability.png>
Package pdftex.def Info: stability.png used on input line 233.
(pdftex.def)             Requested size: 234.8775pt x 173.66939pt.

Overfull \hbox (5.0pt too wide) in paragraph at lines 233--233
 [][] 
 []


LaTeX Warning: `h' float specifier changed to `ht'.

<x1.png, id=131, 177.66376pt x 145.54375pt>
File: x1.png Graphic file (type png)
 <use x1.png>
Package pdftex.def Info: x1.png used on input line 245.
(pdftex.def)             Requested size: 140.92793pt x 115.45354pt.
File: x1.png Graphic file (type png)
 <use x1.png>
Package pdftex.def Info: x1.png used on input line 245.
(pdftex.def)             Requested size: 140.92793pt x 115.45354pt.

<y1.png, id=132, 136.51pt x 127.47626pt>
File: y1.png Graphic file (type png)
 <use y1.png>
Package pdftex.def Info: y1.png used on input line 250.
(pdftex.def)             Requested size: 140.92793pt x 131.60933pt.
File: y1.png Graphic file (type png)
 <use y1.png>
Package pdftex.def Info: y1.png used on input line 250.
(pdftex.def)             Requested size: 140.92793pt x 131.60933pt.


LaTeX Warning: `h' float specifier changed to `ht'.

<x2.png, id=133, 135.50626pt x 118.4425pt>
File: x2.png Graphic file (type png)
 <use x2.png>
Package pdftex.def Info: x2.png used on input line 260.
(pdftex.def)             Requested size: 140.92793pt x 123.18631pt.
File: x2.png Graphic file (type png)
 <use x2.png>
Package pdftex.def Info: x2.png used on input line 260.
(pdftex.def)             Requested size: 140.92793pt x 123.18631pt.

<y2.png, id=134, 152.57pt x 145.54375pt>
File: y2.png Graphic file (type png)
 <use y2.png>
Package pdftex.def Info: y2.png used on input line 265.
(pdftex.def)             Requested size: 140.92793pt x 134.44374pt.
File: y2.png Graphic file (type png)
 <use y2.png>
Package pdftex.def Info: y2.png used on input line 265.
(pdftex.def)             Requested size: 140.92793pt x 134.44374pt.


LaTeX Warning: `h' float specifier changed to `ht'.

[4 <./step30.png> <./step40.png> <./step100.png> <./step200.png>]
Package atveryend Info: Empty hook `BeforeClearDocument' on input line 287.
 [5 <./e100.png> <./e200.png>] [6 <./compare.png> <./t7.png> <./t10ex.png>] [7 
<./beste500.png> <./beste1000.png> <./step5000.png> <./longt5.png>] [8 <./gb_st
ab.png> <./stability.png> <./x1.png> <./y1.png> <./x2.png> <./y2.png>]
Package atveryend Info: Empty hook `AfterLastShipout' on input line 287.
 (./proteins.aux)
Package atveryend Info: Executing hook `AtVeryEndDocument' on input line 287.
Package atveryend Info: Executing hook `AtEndAfterFileList' on input line 287.
Package rerunfilecheck Info: File `proteins.out' has not changed.
(rerunfilecheck)             Checksum: 7764CB89D5C8DFCD817816CB5BD29AC3;407.
Package atveryend Info: Empty hook `AtVeryVeryEnd' on input line 287.
 ) 
Here is how much of TeX's memory you used:
 8395 strings out of 493089
 126185 string characters out of 6134842
 224533 words of memory out of 5000000
 11731 multiletter control sequences out of 15000+600000
 11815 words of font info for 47 fonts, out of 8000000 for 9000
 1141 hyphenation exceptions out of 8191
 37i,11n,50p,863b,584s stack positions out of 5000i,500n,10000p,200000b,80000s
</usr/local/texlive/2015/texmf-dist/fonts/type1/public/amsfonts/cm/cmbx12.pfb
></usr/local/texlive/2015/texmf-dist/fonts/type1/public/amsfonts/cm/cmmi10.pfb>
</usr/local/texlive/2015/texmf-dist/fonts/type1/public/amsfonts/cm/cmmi5.pfb></
usr/local/texlive/2015/texmf-dist/fonts/type1/public/amsfonts/cm/cmmi7.pfb></us
r/local/texlive/2015/texmf-dist/fonts/type1/public/amsfonts/cm/cmr10.pfb></usr/
local/texlive/2015/texmf-dist/fonts/type1/public/amsfonts/cm/cmr12.pfb></usr/lo
cal/texlive/2015/texmf-dist/fonts/type1/public/amsfonts/cm/cmr17.pfb></usr/loca
l/texlive/2015/texmf-dist/fonts/type1/public/amsfonts/cm/cmr5.pfb></usr/local/t
exlive/2015/texmf-dist/fonts/type1/public/amsfonts/cm/cmr7.pfb></usr/local/texl
ive/2015/texmf-dist/fonts/type1/public/amsfonts/cm/cmsy10.pfb></usr/local/texli
ve/2015/texmf-dist/fonts/type1/public/amsfonts/cm/cmsy7.pfb></usr/local/texlive
/2015/texmf-dist/fonts/type1/public/amsfonts/cm/cmti10.pfb></usr/local/texlive/
2015/texmf-dist/fonts/type1/public/amsfonts/cm/cmtt10.pfb>
Output written on proteins.pdf (8 pages, 1620204 bytes).
PDF statistics:
 233 PDF objects out of 1000 (max. 8388607)
 157 compressed objects within 2 object streams
 35 named destinations out of 1000 (max. 500000)
 180 words of extra memory for PDF output out of 10000 (max. 10000000)

